#
# A fatal error has been detected by the Java Runtime Environment:
#
#  Internal Error (javaClasses.cpp:136), pid=9568, tid=10732
#  fatal error: Invalid layout of preloaded class
#
# JRE version:  (7.0_67-b01) (build )
# Java VM: Java HotSpot(TM) Client VM (24.65-b04 mixed mode windows-x86 )
# Failed to write core dump. Minidumps are not enabled by default on client versions of Windows
#
# If you would like to submit a bug report, please visit:
#   http://bugreport.sun.com/bugreport/crash.jsp
#

---------------  T H R E A D  ---------------

Current thread (0x0289c000):  JavaThread "Unknown thread" [_thread_in_vm, id=10732, stack(0x02790000,0x027e0000)]

Stack: [0x02790000,0x027e0000],  sp=0x027df7b8,  free space=317k
Native frames: (J=compiled Java code, j=interpreted, Vv=VM code, C=native code)
V  [jvm.dll+0x190494]
V  [jvm.dll+0x18a116]
V  [jvm.dll+0x35d7a]
V  [jvm.dll+0x35e06]
V  [jvm.dll+0x4465d]
V  [jvm.dll+0x4490e]
V  [jvm.dll+0x92f8a]
V  [jvm.dll+0x9333b]
V  [jvm.dll+0x13fa31]
V  [jvm.dll+0x1626fc]
V  [jvm.dll+0xc9d6f]
C  [javaw.exe+0x13ce]
C  [javaw.exe+0x1e40]
C  [javaw.exe+0xa601]
C  [javaw.exe+0xa68b]
C  [KERNEL32.DLL+0x1919f]
C  [ntdll.dll+0x50bbb]
C  [ntdll.dll+0x50b91]


---------------  P R O C E S S  ---------------

Java Threads: ( => current thread )

Other Threads:

=>0x0289c000 (exited) JavaThread "Unknown thread" [_thread_in_vm, id=10732, stack(0x02790000,0x027e0000)]

VM state:not at safepoint (not fully initialized)

VM Mutex/Monitor currently owned by a thread: None

GC Heap History (0 events):
No events

Deoptimization events (0 events):
No events

Internal exceptions (0 events):
No events

Events (10 events):
Event: 0.010 loading class 0x0291b010 done
Event: 0.011 loading class 0x0291aaa0 done
Event: 0.011 loading class 0x0291aa80
Event: 0.011 loading class 0x02921e00
Event: 0.011 loading class 0x02921e00 done
Event: 0.011 loading class 0x02921e30
Event: 0.011 loading class 0x02921e30 done
Event: 0.011 loading class 0x02921e60
Event: 0.011 loading class 0x02921e60 done
Event: 0.011 loading class 0x0291aa80 done


Dynamic libraries:
0x00ab0000 - 0x00adf000 	C:\Program Files (x86)\Java\jre7\bin\javaw.exe
0x773e0000 - 0x77547000 	C:\WINDOWS\SYSTEM32\ntdll.dll
0x771d0000 - 0x77310000 	C:\WINDOWS\SYSTEM32\KERNEL32.DLL
0x75e30000 - 0x75f00000 	C:\WINDOWS\SYSTEM32\KERNELBASE.dll
0x6e7a0000 - 0x6e839000 	C:\WINDOWS\system32\apphelp.dll
0x6dc20000 - 0x6de79000 	C:\WINDOWS\AppPatch\AcGenral.DLL
0x75ad0000 - 0x75b8e000 	C:\WINDOWS\SYSTEM32\msvcrt.dll
0x753a0000 - 0x753de000 	C:\WINDOWS\SYSTEM32\sechost.dll
0x74df0000 - 0x74e0d000 	C:\WINDOWS\SYSTEM32\SspiCli.dll
0x755f0000 - 0x75631000 	C:\WINDOWS\SYSTEM32\SHLWAPI.dll
0x6e8c0000 - 0x6e99b000 	C:\WINDOWS\SYSTEM32\UxTheme.dll
0x75980000 - 0x75acc000 	C:\WINDOWS\SYSTEM32\USER32.dll
0x74e10000 - 0x74f17000 	C:\WINDOWS\SYSTEM32\GDI32.dll
0x74790000 - 0x747b0000 	C:\WINDOWS\SYSTEM32\WINMM.dll
0x6dff0000 - 0x6e002000 	C:\WINDOWS\SYSTEM32\samcli.dll
0x75f00000 - 0x7600c000 	C:\WINDOWS\SYSTEM32\ole32.dll
0x75640000 - 0x756d5000 	C:\WINDOWS\SYSTEM32\OLEAUT32.dll
0x6dc00000 - 0x6dc15000 	C:\WINDOWS\SYSTEM32\MSACM32.dll
0x74c20000 - 0x74c28000 	C:\WINDOWS\SYSTEM32\VERSION.dll
0x76010000 - 0x771c7000 	C:\WINDOWS\SYSTEM32\SHELL32.dll
0x73410000 - 0x73429000 	C:\WINDOWS\SYSTEM32\USERENV.dll
0x6de80000 - 0x6de98000 	C:\WINDOWS\SYSTEM32\dwmapi.dll
0x6dab0000 - 0x6dbfa000 	C:\WINDOWS\SYSTEM32\urlmon.dll
0x75530000 - 0x755a8000 	C:\WINDOWS\SYSTEM32\ADVAPI32.dll
0x72270000 - 0x722ce000 	C:\WINDOWS\SYSTEM32\WINSPOOL.DRV
0x6da90000 - 0x6daa4000 	C:\WINDOWS\SYSTEM32\MPR.dll
0x74f30000 - 0x74fe0000 	C:\WINDOWS\SYSTEM32\RPCRT4.dll
0x74de0000 - 0x74de9000 	C:\WINDOWS\SYSTEM32\CRYPTBASE.dll
0x756e0000 - 0x7582e000 	C:\WINDOWS\SYSTEM32\combase.dll
0x73530000 - 0x73550000 	C:\WINDOWS\SYSTEM32\WINMMBASE.dll
0x73480000 - 0x7348e000 	C:\WINDOWS\SYSTEM32\profapi.dll
0x72c50000 - 0x72e82000 	C:\WINDOWS\SYSTEM32\iertutil.dll
0x730a0000 - 0x73276000 	C:\WINDOWS\SYSTEM32\WININET.dll
0x74d80000 - 0x74dd2000 	C:\WINDOWS\SYSTEM32\bcryptPrimitives.dll
0x75bd0000 - 0x75c0a000 	C:\WINDOWS\SYSTEM32\cfgmgr32.dll
0x73510000 - 0x7352f000 	C:\WINDOWS\SYSTEM32\DEVOBJ.dll
0x73490000 - 0x73506000 	C:\WINDOWS\SYSTEM32\SHCORE.DLL
0x755b0000 - 0x755d5000 	C:\WINDOWS\system32\IMM32.DLL
0x75cd0000 - 0x75dc7000 	C:\WINDOWS\SYSTEM32\MSCTF.dll
0x6e9b0000 - 0x6eb96000 	C:\WINDOWS\WinSxS\x86_microsoft.windows.common-controls_6595b64144ccf1df_6.0.9600.17031_none_a9efdb8b01377ea7\COMCTL32.dll
0x59400000 - 0x594bf000 	C:\Program Files (x86)\Java\jre7\bin\msvcr100.dll
0x6e360000 - 0x6e6e8000 	C:\Program Files (x86)\Java\jre7\bin\client\jvm.dll
0x73400000 - 0x73408000 	C:\WINDOWS\SYSTEM32\WSOCK32.dll
0x75390000 - 0x75396000 	C:\WINDOWS\SYSTEM32\PSAPI.DLL
0x75890000 - 0x758dd000 	C:\WINDOWS\SYSTEM32\WS2_32.dll
0x74f20000 - 0x74f27000 	C:\WINDOWS\SYSTEM32\NSI.dll
0x6d800000 - 0x6d80c000 	C:\Program Files (x86)\Java\jre7\bin\verify.dll
0x6cb70000 - 0x6cb90000 	C:\Program Files (x86)\Java\jre7\bin\java.dll
0x027e0000 - 0x027f3000 	C:\Program Files (x86)\Java\jre7\bin\zip.dll
0x723b0000 - 0x724f8000 	C:\WINDOWS\SYSTEM32\dbghelp.dll

VM Arguments:
jvm_args: -Dfile.encoding=Cp1252 -Xbootclasspath:C:\Users\Chris\Desktop\Dreams\adt-bundle-windows-x86_64-20140321\sdk\platforms\android-20\android.jar 
java_command: com.example.uscconnect.DatabaseConvert
Launcher Type: SUN_STANDARD

Environment Variables:
PATH=C:/Program Files (x86)/Java/jre7/bin/client;C:/Program Files (x86)/Java/jre7/bin;C:/Program Files (x86)/Java/jre7/lib/i386;C:\Program Files (x86)\Intel\iCLS Client\;C:\Program Files\Intel\iCLS Client\;C:\WINDOWS\system32;C:\WINDOWS;C:\WINDOWS\System32\Wbem;C:\WINDOWS\System32\WindowsPowerShell\v1.0\;C:\Program Files (x86)\Intel\OpenCL SDK\2.0\bin\x86;C:\Program Files (x86)\Intel\OpenCL SDK\2.0\bin\x64;C:\Program Files\Intel\Intel(R) Management Engine Components\DAL;C:\Program Files\Intel\Intel(R) Management Engine Components\IPT;C:\Program Files (x86)\Intel\Intel(R) Management Engine Components\DAL;C:\Program Files (x86)\Intel\Intel(R) Management Engine Components\IPT;C:\Program Files (x86)\Windows Live\Shared;C:\Program Files (x86)\QuickTime\QTSystem\;C:\eclipse\eclipse;
USERNAME=Chris
OS=Windows_NT
PROCESSOR_IDENTIFIER=Intel64 Family 6 Model 58 Stepping 9, GenuineIntel



---------------  S Y S T E M  ---------------

OS: Windows 8.1 , 64 bit Build 9600 

CPU:total 4 (2 cores per cpu, 2 threads per core) family 6 model 58 stepping 9, cmov, cx8, fxsr, mmx, sse, sse2, sse3, ssse3, sse4.1, sse4.2, popcnt, avx, erms, ht, tsc, tscinvbit, tscinv

Memory: 4k page, physical 3997092k(1123156k free), swap 8060324k(3257816k free)

vm_info: Java HotSpot(TM) Client VM (24.65-b04) for windows-x86 JRE (1.7.0_67-b01), built on Jul 25 2014 10:20:53 by "java_re" with unknown MS VC++:1600

time: Sun Nov 23 18:51:24 2014
elapsed time: 0 seconds

